make all --print-data-base --no-builtin-variables --no-builtin-rules --question
# GNU Make 4.2.1
# Built for x86_64-pc-linux-gnu
# Copyright (C) 1988-2016 Free Software Foundation, Inc.
# License GPLv3+: GNU GPL version 3 or later <http://gnu.org/licenses/gpl.html>
# This is free software: you are free to change and redistribute it.
# There is NO WARRANTY, to the extent permitted by law.

# Make data base, printed on Sun May  1 12:39:02 2022

# Variables

# automatic
<D = $(patsubst %/,%,$(dir $<))
# automatic
?F = $(notdir $?)
# environment
PAPERSIZE = a4
# environment
DESKTOP_SESSION = cinnamon
# default
.SHELLFLAGS := -c
# environment
XDG_SESSION_CLASS = user
# environment
XDG_SESSION_TYPE = x11
# environment
VSCODE_LOG_NATIVE = false
# environment
GTK3_MODULES = xapp-gtk3-module
# automatic
?D = $(patsubst %/,%,$(dir $?))
# automatic
@D = $(patsubst %/,%,$(dir $@))
# environment
XAUTHORITY = /home/k/.Xauthority
# environment
GDMSESSION = cinnamon
# default
MAKE_VERSION := 4.2.1
# makefile
CURDIR := /home/k/TunnelOS
# makefile
SHELL = /bin/sh
# environment
GDM_LANG = en_US
# environment
VTE_VERSION = 6003
# environment
VSCODE_NLS_CONFIG = {"locale":"en-us","availableLanguages":{},"_languagePackSupport":true}
# environment
XDG_CONFIG_DIRS = /etc/xdg/xdg-cinnamon:/etc/xdg
# environment
GTK_OVERLAY_SCROLLING = 1
# makefile (from 'Makefile', line 1)
MAKEFILE_LIST :=  Makefile
# automatic
@F = $(notdir $@)
# environment
OMF_PATH = /home/k/.local/share/omf
# 'override' directive
GNUMAKEFLAGS := 
# environment
MAKELEVEL := 0
# environment
MANDATORY_PATH = /usr/share/gconf/cinnamon.mandatory.path
# environment
XDG_DATA_DIRS = /usr/share/cinnamon:/usr/share/gnome:/home/k/.local/share/flatpak/exports/share:/var/lib/flatpak/exports/share:/usr/local/share:/usr/share:/var/lib/snapd/desktop
# environment
__GL_SYNC_DISPLAY_DEVICE = DP-0
# makefile (from 'Makefile', line 11)
FONTLIST = fonts/text.o fonts/gui.o
# environment
DBUS_SESSION_BUS_ADDRESS = unix:path=/run/user/1000/bus
# environment
VSCODE_VERBOSE_LOGGING = true
# environment
VSCODE_IPC_HOOK_EXTHOST = /run/user/1000/vscode-ipc-3c30d309-2dc7-410f-94a4-9d2673832cd0.sock
# environment
LC_NAME = en_US.UTF-8
# environment
VSCODE_CWD = /home/k/TunnelOS
# environment
XDG_SESSION_PATH = /org/freedesktop/DisplayManager/Session0
# default
MAKE_HOST := x86_64-pc-linux-gnu
# environment
PATH = /home/k/google-cloud-sdk/bin:/home/k/plugin/apache-maven-3.8.4/bin:/home/k/vasm/build:/home/k/6502js-but-c:/home/k/.cargo/bin:/home/k/.local/bin:/usr/local/sbin:/usr/local/bin:/usr/sbin:/usr/bin:/sbin:/bin:/usr/games:/usr/local/games:/snap/bin:/usr/lib/dart/bin
# makefile (from 'Makefile', line 5)
OSNAME = tunnel
# environment
GPG_AGENT_INFO = /run/user/1000/gnupg/S.gpg-agent:0:1
# environment
SESSION_MANAGER = local/k-H61H2-M2:@/tmp/.ICE-unix/2710,unix/k-H61H2-M2:/tmp/.ICE-unix/2710
# environment
XDG_RUNTIME_DIR = /run/user/1000
# makefile (from 'Makefile', line 6)
FILELIST = main.o screen.o stdio.o tunnel.o shell.o cstring.o cint.o panic.o mm.o smt.o keyboard_ps2.o tools.o serial.o idt.o idta.o pit.o window.o fs.o window_welcome.o shell_mouse.o ide.o idea.o event.o fpua.o path.o ui.o color.o tunnelconfig/system.o cpuid_toolsa.o ssea.o avxa.o sse.o uhci.o easter.o math.o desktop.o pita.o toolsa.o pic.o pica.o rtc.o nmi.o
# environment
VSCODE_LOG_STACK = false
# environment
ELECTRON_RUN_AS_NODE = 1
# makefile (from 'Makefile', line 3)
LDFLAGS = -nostdlib -nostartfiles -T link.ld
# default
.FEATURES := target-specific order-only second-expansion else-if shortest-stem undefine oneshell archives jobserver output-sync check-symlink load
# environment
XDG_GREETER_DATA_DIR = /var/lib/lightdm-data/k
# environment
XDG_SESSION_DESKTOP = cinnamon
# environment
SSH_AUTH_SOCK = /run/user/1000/keyring/ssh
# automatic
%F = $(notdir $%)
# environment
DISPLAY = :0
# environment
VSCODE_PIPE_LOGGING = true
# environment
PWD = /home/k/TunnelOS
# environment
QT_QPA_PLATFORMTHEME = qt5ct
# default
.LOADED := 
# environment
XDG_SEAT = seat0
# environment
SSH_AGENT_PID = 2790
# environment
ORIGINAL_XDG_CURRENT_DESKTOP = X-Cinnamon
# environment
GTK_MODULES = gail:atk-bridge
# makefile (from 'Makefile', line 4)
STRIPFLAGS = -K mmio -K fb -K bootboot -K environment -K initstack
# environment
VSCODE_AMD_ENTRYPOINT = vs/workbench/api/node/extensionHostProcess
# environment
HOME = /home/k
# environment
VSCODE_CLI = 1
# environment
VSCODE_CODE_CACHE_PATH = /home/k/.config/Code/CachedData/dfd34e8260c270da74b5c2d86d61aee4b6d56977
# environment
LOGNAME = k
# environment
APPLICATION_INSIGHTS_NO_DIAGNOSTIC_CHANNEL = 1
# automatic
+F = $(notdir $+)
# environment
ELECTRON_NO_ATTACH_CONSOLE = 1
# environment
VSCODE_HANDLES_UNCAUGHT_ERRORS = true
# environment
GNOME_DESKTOP_SESSION_ID = this-is-deprecated
# automatic
^D = $(patsubst %/,%,$(dir $^))
# environment
GNOME_TERMINAL_SERVICE = :1.78
# environment
XDG_VTNR = 7
# environment
LC_TIME = ru_RU.UTF-8
# environment
COLORTERM = truecolor
# default
MAKE = $(MAKE_COMMAND)
# default
MAKECMDGOALS := all
# environment
SHLVL = 1
# environment
JAVA_HOME = /usr/lib/jvm/java-17-openjdk-amd64
# environment
XDG_SESSION_ID = c2
# environment
USER = k
# environment
LC_MONETARY = en_US.UTF-8
# makefile
.DEFAULT_GOAL := all
# environment
XDG_CURRENT_DESKTOP = X-Cinnamon
# environment
OMF_CONFIG = /home/k/.config/omf
# environment
LIBVIRT_DEFAULT_URI = qemu:///system
# automatic
%D = $(patsubst %/,%,$(dir $%))
# environment
LC_TELEPHONE = en_US.UTF-8
# default
MAKE_COMMAND := make
# default
.VARIABLES := 
# automatic
*F = $(notdir $*)
# environment
LANGUAGE = en_US
# environment
XDG_SEAT_PATH = /org/freedesktop/DisplayManager/Seat0
# environment
VSCODE_IPC_HOOK = /run/user/1000/vscode-0e66b754-1.66.2-main.sock
# makefile
MAKEFLAGS = pqrR
# environment
MFLAGS = -pqrR
# automatic
*D = $(patsubst %/,%,$(dir $*))
# automatic
+D = $(patsubst %/,%,$(dir $+))
# environment
GDK_BACKEND = x11
# environment
LC_PAPER = en_US.UTF-8
# environment
CINNAMON_VERSION = 5.2.7
# environment
LC_IDENTIFICATION = en_US.UTF-8
# environment
QT_ACCESSIBILITY = 1
# environment
DEFAULTS_PATH = /usr/share/gconf/cinnamon.default.path
# default
MAKEFILES := 
# environment
LC_NUMERIC = en_US.UTF-8
# automatic
<F = $(notdir $<)
# environment
LC_MEASUREMENT = en_US.UTF-8
# environment
LC_ALL = C
# environment
GJS_DEBUG_TOPICS = JS ERROR;JS LOG
# environment
GNOME_TERMINAL_SCREEN = /org/gnome/Terminal/screen/061be25d_76a1_4522_8032_b7912ec4c3c2
# automatic
^F = $(notdir $^)
# environment
CLUTTER_DEFAULT_FPS = 144
# default
SUFFIXES := 
# environment
CHROME_DESKTOP = code-url-handler.desktop
# default
.INCLUDE_DIRS = /usr/include /usr/local/include /usr/include
# environment
GJS_DEBUG_OUTPUT = stderr
# default
.RECIPEPREFIX := 
# environment
LC_ADDRESS = en_US.UTF-8
# environment
LANG = C
# environment
TERM = xterm-256color
# environment
VSCODE_PID = 21241
# variable set hash-table stats:
# Load=123/1024=12%, Rehash=0, Collisions=17/163=10%

# Pattern-specific Variable Values

# No pattern-specific variable values.

# Directories

# . (device 2130, inode 10092719): 67 files, no impossibilities.

# 67 files, no impossibilities in 1 directories.

# Implicit Rules

# No implicit rules.

# Files

.ONESHELL:
#  Implicit rule search has not been done.
#  Modification time never checked.
 
#  File has not been updated.

all: tunnel.x86_64.elf iso fullclean
#  Command line target.
#  Implicit rule search has been done.
#  File does not exist.
#  File has been updated.
#  Needs to be updated (-q is set).
# variable set hash-table stats:
# Load=0/32=0%, Rehash=0, Collisions=0/13=0%

tunnel.x86_64.elf:
#  Implicit rule search has not been done.
#  Implicit/static pattern stem: ''
#  File does not exist.
#  File has been updated.
#  Needs to be updated (-q is set).
# automatic
# @ := tunnel.x86_64.elf
# automatic
# % := 
# automatic
# * := 
# automatic
# + := 
# automatic
# | := 
# automatic
# < := 
# automatic
# ^ := 
# automatic
# ? := 
# variable set hash-table stats:
# Load=8/32=25%, Rehash=0, Collisions=7/21=33%
#  recipe to execute (from 'Makefile', line 16):
	rm -rfv debug 
	mkdir debug
	bash compile.sh
	ld $(LDFLAGS) $(FILELIST) $(FONTLIST) -o $(OSNAME).x86_64.elf
	strip $(STRIPFLAGS) $(OSNAME).x86_64.elf
	readelf -hls $(OSNAME).x86_64.elf > $(OSNAME).x86_64.txt
	rm -rfv fonts_compiled
	mkdir fonts_compiled
	mv fonts/*.o fonts_compiled/
	cp $(OSNAME).x86_64.elf debug/$(OSNAME).x86_64.elf
	cd debug
	objdump -D tunnel.x86_64.elf > tunnel.x86_64.txt
	cd ..

vhd:
#  Implicit rule search has not been done.
#  Modification time never checked.
#  File has not been updated.
#  recipe to execute (from 'Makefile', line 63):
	dd if=/dev/zero of=VHD.img bs=1M count=512

# Not a target:
.SUFFIXES:
#  Implicit rule search has not been done.
#  Modification time never checked.
#  File has not been updated.

# Not a target:
Makefile:
#  Implicit rule search has been done.
#  Last modified 2022-05-01 12:35:38.032904392
#  File has been updated.
#  Successfully updated.

# Not a target:
.DEFAULT:
#  Implicit rule search has not been done.
#  Modification time never checked.
#  File has not been updated.

turron:
#  Implicit rule search has not been done.
#  Modification time never checked.
#  File has not been updated.
#  recipe to execute (from 'Makefile', line 65):
	qemu-system-x86_64 --cpu kvm64-v1,+avx -d int --boot d --cdrom $(OSNAME).x86_64.iso -m 256M -smp 3 -serial stdio -drive file=VHD.img,index=0,if=ide,format=raw -s -S

clean:
#  Implicit rule search has not been done.
#  Modification time never checked.
#  File has not been updated.
#  recipe to execute (from 'Makefile', line 57):
	rm -rf *.o fonts/*.o tunnelconfig/*.o

fullclean: clean
#  Implicit rule search has not been done.
#  Modification time never checked.
#  File has not been updated.
#  recipe to execute (from 'Makefile', line 59):
	rm -rf *.elf *.iso
	cp iso/$(OSNAME).x86_64.iso .
	rm -rf iso

iso:
#  Implicit rule search has not been done.
#  Modification time never checked.
#  File has not been updated.
#  recipe to execute (from 'Makefile', line 30):
	rm -rv iso
	mkdir iso
	mkdir iso/tmp
	mkdir iso/tmp/mkbootimg
	cp bootboot/mkbootimg iso/tmp/mkbootimg/ -r
	mkdir iso/tmp/sys
	cp tunnelconfig/* .
	cp config iso/tmp/sys/
	cd iso/tmp/mkbootimg/mkbootimg
	make all
	cp ../../../../$(OSNAME).x86_64.elf . -r
	cp ../../../../$(OSNAME).json . -r
	./mkbootimg check $(OSNAME).x86_64.elf
	mkdir boot
	cp ../../sys boot/ -r
	cp $(OSNAME).x86_64.elf boot/sys/core -r
	./mkbootimg $(OSNAME).json $(OSNAME).x86_64.img
	mv $(OSNAME).x86_64.img ../../../$(OSNAME).x86_64.img -v
	cd ../../../
	rm -rf tmp
	iat $(OSNAME).x86_64.img $(OSNAME).x86_64.iso
	du -h $(OSNAME).x86_64.iso
	du -h ../$(OSNAME).x86_64.elf
	rm -rfv $(OSNAME).x86_64.img
	cd ../
	rm -rf config tunnel.json

# files hash-table stats:
# Load=11/1024=1%, Rehash=0, Collisions=0/30=0%
# VPATH Search Paths

# No 'vpath' search paths.

# No general ('VPATH' variable) search path.

# strcache buffers: 1 (0) / strings = 79 / storage = 696 B / avg = 8 B
# current buf: size = 8162 B / used = 696 B / count = 79 / avg = 8 B

# strcache performance: lookups = 97 / hit rate = 18%
# hash-table stats:
# Load=79/8192=1%, Rehash=0, Collisions=1/97=1%
# Finished Make data base on Sun May  1 12:39:02 2022

 
